<?xml version="1.0" encoding="UTF-8"?>
<testsuite xmlns:xsi="http://www.w3.org/2001/XMLSchema-instance" xsi:noNamespaceSchemaLocation="https://maven.apache.org/surefire/maven-surefire-plugin/xsd/surefire-test-report.xsd" name="ru.nsu.fit.endpoint.manager.CustomerManagerTest" time="5.015" tests="4" errors="0" skipped="0" failures="0">
  <properties>
    <property name="sun.desktop" value="windows"/>
    <property name="awt.toolkit" value="sun.awt.windows.WToolkit"/>
    <property name="file.encoding.pkg" value="sun.io"/>
    <property name="java.specification.version" value="1.8"/>
    <property name="sun.cpu.isalist" value="amd64"/>
    <property name="sun.jnu.encoding" value="Cp1251"/>
    <property name="java.class.path" value="C:\Users\Антон\Desktop\Важные документы (нет)\Методы тестирования\tzolotuhin-test-methods-9bf3b82b557d\tzolotuhin-test-methods-9bf3b82b557d\endpoint\target\test-classes;C:\Users\Антон\Desktop\Важные документы (нет)\Методы тестирования\tzolotuhin-test-methods-9bf3b82b557d\tzolotuhin-test-methods-9bf3b82b557d\endpoint\target\classes;C:\Users\Антон\.m2\repository\javax\ws\rs\javax.ws.rs-api\2.0.1\javax.ws.rs-api-2.0.1.jar;C:\Users\Антон\.m2\repository\org\glassfish\jersey\containers\jersey-container-servlet\2.19\jersey-container-servlet-2.19.jar;C:\Users\Антон\.m2\repository\org\glassfish\jersey\containers\jersey-container-servlet-core\2.19\jersey-container-servlet-core-2.19.jar;C:\Users\Антон\.m2\repository\org\glassfish\jersey\core\jersey-common\2.19\jersey-common-2.19.jar;C:\Users\Антон\.m2\repository\org\glassfish\jersey\bundles\repackaged\jersey-guava\2.19\jersey-guava-2.19.jar;C:\Users\Антон\.m2\repository\org\glassfish\hk2\osgi-resource-locator\1.0.1\osgi-resource-locator-1.0.1.jar;C:\Users\Антон\.m2\repository\org\glassfish\jersey\core\jersey-server\2.19\jersey-server-2.19.jar;C:\Users\Антон\.m2\repository\org\glassfish\jersey\core\jersey-client\2.19\jersey-client-2.19.jar;C:\Users\Антон\.m2\repository\org\glassfish\jersey\media\jersey-media-jaxb\2.19\jersey-media-jaxb-2.19.jar;C:\Users\Антон\.m2\repository\javax\annotation\javax.annotation-api\1.2\javax.annotation-api-1.2.jar;C:\Users\Антон\.m2\repository\org\glassfish\hk2\hk2-api\2.4.0-b25\hk2-api-2.4.0-b25.jar;C:\Users\Антон\.m2\repository\org\glassfish\hk2\hk2-utils\2.4.0-b25\hk2-utils-2.4.0-b25.jar;C:\Users\Антон\.m2\repository\org\glassfish\hk2\external\aopalliance-repackaged\2.4.0-b25\aopalliance-repackaged-2.4.0-b25.jar;C:\Users\Антон\.m2\repository\org\glassfish\hk2\external\javax.inject\2.4.0-b25\javax.inject-2.4.0-b25.jar;C:\Users\Антон\.m2\repository\org\glassfish\hk2\hk2-locator\2.4.0-b25\hk2-locator-2.4.0-b25.jar;C:\Users\Антон\.m2\repository\org\javassist\javassist\3.18.1-GA\javassist-3.18.1-GA.jar;C:\Users\Антон\.m2\repository\javax\validation\validation-api\1.1.0.Final\validation-api-1.1.0.Final.jar;C:\Users\Антон\.m2\repository\org\glassfish\jersey\media\jersey-media-json-jackson\2.19\jersey-media-json-jackson-2.19.jar;C:\Users\Антон\.m2\repository\org\glassfish\jersey\ext\jersey-entity-filtering\2.19\jersey-entity-filtering-2.19.jar;C:\Users\Антон\.m2\repository\com\fasterxml\jackson\jaxrs\jackson-jaxrs-base\2.5.1\jackson-jaxrs-base-2.5.1.jar;C:\Users\Антон\.m2\repository\com\fasterxml\jackson\core\jackson-core\2.5.1\jackson-core-2.5.1.jar;C:\Users\Антон\.m2\repository\com\fasterxml\jackson\core\jackson-databind\2.5.1\jackson-databind-2.5.1.jar;C:\Users\Антон\.m2\repository\com\fasterxml\jackson\jaxrs\jackson-jaxrs-json-provider\2.5.1\jackson-jaxrs-json-provider-2.5.1.jar;C:\Users\Антон\.m2\repository\com\fasterxml\jackson\module\jackson-module-jaxb-annotations\2.5.1\jackson-module-jaxb-annotations-2.5.1.jar;C:\Users\Антон\.m2\repository\com\fasterxml\jackson\core\jackson-annotations\2.5.1\jackson-annotations-2.5.1.jar;C:\Users\Антон\.m2\repository\com\google\code\gson\gson\2.2.4\gson-2.2.4.jar;C:\Users\Антон\.m2\repository\mysql\mysql-connector-java\6.0.4\mysql-connector-java-6.0.4.jar;C:\Users\Антон\.m2\repository\commons-lang\commons-lang\2.6\commons-lang-2.6.jar;C:\Users\Антон\.m2\repository\junit\junit\4.11\junit-4.11.jar;C:\Users\Антон\.m2\repository\org\hamcrest\hamcrest-core\1.3\hamcrest-core-1.3.jar;C:\Users\Антон\.m2\repository\org\mockito\mockito-all\1.10.19\mockito-all-1.10.19.jar;C:\Users\Антон\.m2\repository\org\slf4j\slf4j-api\1.7.13\slf4j-api-1.7.13.jar;C:\Users\Антон\.m2\repository\org\slf4j\slf4j-jdk14\1.7.13\slf4j-jdk14-1.7.13.jar;"/>
    <property name="java.vm.vendor" value="Oracle Corporation"/>
    <property name="sun.arch.data.model" value="64"/>
    <property name="user.variant" value=""/>
    <property name="java.vendor.url" value="http://java.oracle.com/"/>
    <property name="user.timezone" value="Asia/Novosibirsk"/>
    <property name="java.vm.specification.version" value="1.8"/>
    <property name="os.name" value="Windows 10"/>
    <property name="user.country" value="RU"/>
    <property name="sun.java.launcher" value="SUN_STANDARD"/>
    <property name="sun.boot.library.path" value="C:\Program Files\Java\jdk1.8.0_101\jre\bin"/>
    <property name="sun.java.command" value="C:\Users\3EC2~1\AppData\Local\Temp\surefire3014781425212328975\surefirebooter3080543939970874931.jar C:\Users\Антон\AppData\Local\Temp\surefire3014781425212328975 2019-09-29T18-07-54_586-jvmRun1 surefire1434343534733264848tmp surefire_02547129820260978912tmp"/>
    <property name="surefire.test.class.path" value="C:\Users\Антон\Desktop\Важные документы (нет)\Методы тестирования\tzolotuhin-test-methods-9bf3b82b557d\tzolotuhin-test-methods-9bf3b82b557d\endpoint\target\test-classes;C:\Users\Антон\Desktop\Важные документы (нет)\Методы тестирования\tzolotuhin-test-methods-9bf3b82b557d\tzolotuhin-test-methods-9bf3b82b557d\endpoint\target\classes;C:\Users\Антон\.m2\repository\javax\ws\rs\javax.ws.rs-api\2.0.1\javax.ws.rs-api-2.0.1.jar;C:\Users\Антон\.m2\repository\org\glassfish\jersey\containers\jersey-container-servlet\2.19\jersey-container-servlet-2.19.jar;C:\Users\Антон\.m2\repository\org\glassfish\jersey\containers\jersey-container-servlet-core\2.19\jersey-container-servlet-core-2.19.jar;C:\Users\Антон\.m2\repository\org\glassfish\jersey\core\jersey-common\2.19\jersey-common-2.19.jar;C:\Users\Антон\.m2\repository\org\glassfish\jersey\bundles\repackaged\jersey-guava\2.19\jersey-guava-2.19.jar;C:\Users\Антон\.m2\repository\org\glassfish\hk2\osgi-resource-locator\1.0.1\osgi-resource-locator-1.0.1.jar;C:\Users\Антон\.m2\repository\org\glassfish\jersey\core\jersey-server\2.19\jersey-server-2.19.jar;C:\Users\Антон\.m2\repository\org\glassfish\jersey\core\jersey-client\2.19\jersey-client-2.19.jar;C:\Users\Антон\.m2\repository\org\glassfish\jersey\media\jersey-media-jaxb\2.19\jersey-media-jaxb-2.19.jar;C:\Users\Антон\.m2\repository\javax\annotation\javax.annotation-api\1.2\javax.annotation-api-1.2.jar;C:\Users\Антон\.m2\repository\org\glassfish\hk2\hk2-api\2.4.0-b25\hk2-api-2.4.0-b25.jar;C:\Users\Антон\.m2\repository\org\glassfish\hk2\hk2-utils\2.4.0-b25\hk2-utils-2.4.0-b25.jar;C:\Users\Антон\.m2\repository\org\glassfish\hk2\external\aopalliance-repackaged\2.4.0-b25\aopalliance-repackaged-2.4.0-b25.jar;C:\Users\Антон\.m2\repository\org\glassfish\hk2\external\javax.inject\2.4.0-b25\javax.inject-2.4.0-b25.jar;C:\Users\Антон\.m2\repository\org\glassfish\hk2\hk2-locator\2.4.0-b25\hk2-locator-2.4.0-b25.jar;C:\Users\Антон\.m2\repository\org\javassist\javassist\3.18.1-GA\javassist-3.18.1-GA.jar;C:\Users\Антон\.m2\repository\javax\validation\validation-api\1.1.0.Final\validation-api-1.1.0.Final.jar;C:\Users\Антон\.m2\repository\org\glassfish\jersey\media\jersey-media-json-jackson\2.19\jersey-media-json-jackson-2.19.jar;C:\Users\Антон\.m2\repository\org\glassfish\jersey\ext\jersey-entity-filtering\2.19\jersey-entity-filtering-2.19.jar;C:\Users\Антон\.m2\repository\com\fasterxml\jackson\jaxrs\jackson-jaxrs-base\2.5.1\jackson-jaxrs-base-2.5.1.jar;C:\Users\Антон\.m2\repository\com\fasterxml\jackson\core\jackson-core\2.5.1\jackson-core-2.5.1.jar;C:\Users\Антон\.m2\repository\com\fasterxml\jackson\core\jackson-databind\2.5.1\jackson-databind-2.5.1.jar;C:\Users\Антон\.m2\repository\com\fasterxml\jackson\jaxrs\jackson-jaxrs-json-provider\2.5.1\jackson-jaxrs-json-provider-2.5.1.jar;C:\Users\Антон\.m2\repository\com\fasterxml\jackson\module\jackson-module-jaxb-annotations\2.5.1\jackson-module-jaxb-annotations-2.5.1.jar;C:\Users\Антон\.m2\repository\com\fasterxml\jackson\core\jackson-annotations\2.5.1\jackson-annotations-2.5.1.jar;C:\Users\Антон\.m2\repository\com\google\code\gson\gson\2.2.4\gson-2.2.4.jar;C:\Users\Антон\.m2\repository\mysql\mysql-connector-java\6.0.4\mysql-connector-java-6.0.4.jar;C:\Users\Антон\.m2\repository\commons-lang\commons-lang\2.6\commons-lang-2.6.jar;C:\Users\Антон\.m2\repository\junit\junit\4.11\junit-4.11.jar;C:\Users\Антон\.m2\repository\org\hamcrest\hamcrest-core\1.3\hamcrest-core-1.3.jar;C:\Users\Антон\.m2\repository\org\mockito\mockito-all\1.10.19\mockito-all-1.10.19.jar;C:\Users\Антон\.m2\repository\org\slf4j\slf4j-api\1.7.13\slf4j-api-1.7.13.jar;C:\Users\Антон\.m2\repository\org\slf4j\slf4j-jdk14\1.7.13\slf4j-jdk14-1.7.13.jar;"/>
    <property name="sun.cpu.endian" value="little"/>
    <property name="user.home" value="C:\Users\Антон"/>
    <property name="user.language" value="ru"/>
    <property name="java.specification.vendor" value="Oracle Corporation"/>
    <property name="java.home" value="C:\Program Files\Java\jdk1.8.0_101\jre"/>
    <property name="basedir" value="C:\Users\Антон\Desktop\Важные документы (нет)\Методы тестирования\tzolotuhin-test-methods-9bf3b82b557d\tzolotuhin-test-methods-9bf3b82b557d\endpoint"/>
    <property name="file.separator" value="\"/>
    <property name="line.separator" value="&#10;"/>
    <property name="java.vm.specification.vendor" value="Oracle Corporation"/>
    <property name="java.specification.name" value="Java Platform API Specification"/>
    <property name="java.awt.graphicsenv" value="sun.awt.Win32GraphicsEnvironment"/>
    <property name="surefire.real.class.path" value="C:\Users\3EC2~1\AppData\Local\Temp\surefire3014781425212328975\surefirebooter3080543939970874931.jar"/>
    <property name="sun.boot.class.path" value="C:\Program Files\Java\jdk1.8.0_101\jre\lib\resources.jar;C:\Program Files\Java\jdk1.8.0_101\jre\lib\rt.jar;C:\Program Files\Java\jdk1.8.0_101\jre\lib\sunrsasign.jar;C:\Program Files\Java\jdk1.8.0_101\jre\lib\jsse.jar;C:\Program Files\Java\jdk1.8.0_101\jre\lib\jce.jar;C:\Program Files\Java\jdk1.8.0_101\jre\lib\charsets.jar;C:\Program Files\Java\jdk1.8.0_101\jre\lib\jfr.jar;C:\Program Files\Java\jdk1.8.0_101\jre\classes"/>
    <property name="user.script" value=""/>
    <property name="sun.management.compiler" value="HotSpot 64-Bit Tiered Compilers"/>
    <property name="java.runtime.version" value="1.8.0_101-b13"/>
    <property name="user.name" value="Антон"/>
    <property name="path.separator" value=";"/>
    <property name="os.version" value="10.0"/>
    <property name="java.endorsed.dirs" value="C:\Program Files\Java\jdk1.8.0_101\jre\lib\endorsed"/>
    <property name="java.runtime.name" value="Java(TM) SE Runtime Environment"/>
    <property name="file.encoding" value="Cp1251"/>
    <property name="java.vm.name" value="Java HotSpot(TM) 64-Bit Server VM"/>
    <property name="localRepository" value="C:\Users\Антон\.m2\repository"/>
    <property name="java.vendor.url.bug" value="http://bugreport.sun.com/bugreport/"/>
    <property name="java.io.tmpdir" value="C:\Users\3EC2~1\AppData\Local\Temp\"/>
    <property name="java.version" value="1.8.0_101"/>
    <property name="user.dir" value="C:\Users\Антон\Desktop\Важные документы (нет)\Методы тестирования\tzolotuhin-test-methods-9bf3b82b557d\tzolotuhin-test-methods-9bf3b82b557d\endpoint"/>
    <property name="os.arch" value="amd64"/>
    <property name="java.vm.specification.name" value="Java Virtual Machine Specification"/>
    <property name="java.awt.printerjob" value="sun.awt.windows.WPrinterJob"/>
    <property name="sun.os.patch.level" value=""/>
    <property name="java.library.path" value="C:\Program Files\Java\jdk1.8.0_101\jre\bin;C:\WINDOWS\Sun\Java\bin;C:\WINDOWS\system32;C:\WINDOWS;C:\PVSW\BIN;C:\Program Files\dotnet\;C:\Program Files (x86)\QuickTime\QTSystem\;C:\Program Files\Git\cmd;C:\Program Files\Git\mingw64\bin;C:\Program Files\Git\usr\bin;C:\Program Files\Maven\apache-maven-3.6.2\bin;C:\Program Files\Java\jdk1.8.0_101\bin;C:\Ruby25-x64\bin;C:\Users\Антон\AppData\Local\Microsoft\WindowsApps;c:\PHP\PHP;C:\Users\Антон\AppData\Roaming\Composer\vendor\bin;C:\composer;;C:\Users\Антон\AppData\Local\Programs\Fiddler;C:\Users\Антон\.dotnet\tools;."/>
    <property name="java.vm.info" value="mixed mode"/>
    <property name="java.vendor" value="Oracle Corporation"/>
    <property name="java.vm.version" value="25.101-b13"/>
    <property name="java.ext.dirs" value="C:\Program Files\Java\jdk1.8.0_101\jre\lib\ext;C:\WINDOWS\Sun\Java\lib\ext"/>
    <property name="sun.io.unicode.encoding" value="UnicodeLittle"/>
    <property name="java.class.version" value="52.0"/>
  </properties>
  <testcase name="testCreateCustomerWithNullArgument_Right" classname="ru.nsu.fit.endpoint.manager.CustomerManagerTest" time="2.843"/>
  <testcase name="testCreateCustomerWithNullArgument_Wrong" classname="ru.nsu.fit.endpoint.manager.CustomerManagerTest" time="0"/>
  <testcase name="testCreateCustomer" classname="ru.nsu.fit.endpoint.manager.CustomerManagerTest" time="1.741"/>
  <testcase name="testCreateCustomerWithShortPassword" classname="ru.nsu.fit.endpoint.manager.CustomerManagerTest" time="0.031"/>
</testsuite>